<?xml version="1.0" encoding="UTF-8"?>
<!-- Generated by org.testng.reporters.JUnitReportReporter -->
<testsuite hostname="Dell-PC" failures="0" tests="1" name="Ant_Jenkins_Package.Ant_Jenkins_Test" time="31.637" errors="0" timestamp="2021-03-30T18:56:11 IST" skipped="0">
  <testcase classname="Ant_Jenkins_Package.Ant_Jenkins_Test" name="loginTest" time="31.637"/>
  <system-out/>
</testsuite> <!-- Ant_Jenkins_Package.Ant_Jenkins_Test -->
